<?xml version="1.0" encoding="UTF-8"?>
<!-- Generated by org.testng.reporters.JUnitReportReporter -->
<testsuite hostname="Anusrees-MBP.bbrouter" failures="0" tests="1" name="testngsample.SampleTest" time="0.001" errors="0" timestamp="2021-10-14T15:32:08 IST" skipped="0">
  <testcase classname="testngsample.SampleTest" name="f" time="0.001"/>
  <system-out/>
</testsuite> <!-- testngsample.SampleTest -->
