<?xml version="1.0" encoding="UTF-8"?>
<!-- Generated by org.testng.reporters.JUnitReportReporter -->
<testsuite hostname="Anusrees-MBP.bbrouter" failures="0" tests="1" name="SampleTest" time="0.004" errors="0" timestamp="2021-10-14T14:16:54 IST" skipped="0">
  <testcase classname="SampleTest" name="f" time="0.004"/>
  <system-out/>
</testsuite> <!-- SampleTest -->
